This is pdfTeX, Version 3.1415926-1.40.10 (TeX Live 2009) (format=pdflatex 2009.11.7)  18 JUN 2012 13:56
entering extended mode
 \write18 enabled.
 %&-line parsing enabled.
**limt.tex
(./limt.tex
LaTeX2e <2009/09/24>
Babel <v3.8l> and hyphenation patterns for english, usenglishmax, dumylang, noh
yphenation, german-x-2009-06-19, ngerman-x-2009-06-19, ancientgreek, ibycus, ar
abic, basque, bulgarian, catalan, pinyin, coptic, croatian, czech, danish, dutc
h, esperanto, estonian, farsi, finnish, french, galician, german, ngerman, mono
greek, greek, hungarian, icelandic, indonesian, interlingua, irish, italian, ku
rmanji, latin, latvian, lithuanian, mongolian, mongolian2a, bokmal, nynorsk, po
lish, portuguese, romanian, russian, sanskrit, serbian, slovak, slovenian, span
ish, swedish, turkish, ukenglish, ukrainian, uppersorbian, welsh, loaded.
(/usr/local/texlive/2009/texmf-dist/tex/latex/base/article.cls
Document Class: article 2007/10/19 v1.4h Standard LaTeX document class
(/usr/local/texlive/2009/texmf-dist/tex/latex/base/size11.clo
File: size11.clo 2007/10/19 v1.4h Standard LaTeX file (size option)
)
\c@part=\count79
\c@section=\count80
\c@subsection=\count81
\c@subsubsection=\count82
\c@paragraph=\count83
\c@subparagraph=\count84
\c@figure=\count85
\c@table=\count86
\abovecaptionskip=\skip41
\belowcaptionskip=\skip42
\bibindent=\dimen102
)
(./naacl2012.sty
Conference Style for NAACL-HLT 2012 -- released August 30, 2011
\titlebox=\skip43
) (/usr/local/texlive/2009/texmf-dist/tex/latex/psnfss/times.sty
Package: times 2005/04/12 PSNFSS-v9.2a (SPQR) 
)
(/usr/local/texlive/2009/texmf-dist/tex/latex/base/latexsym.sty
Package: latexsym 1998/08/17 v2.2e Standard LaTeX package (lasy symbols)
\symlasy=\mathgroup4
LaTeX Font Info:    Overwriting symbol font `lasy' in version `bold'
(Font)                  U/lasy/m/n --> U/lasy/b/n on input line 47.
)
(/usr/local/texlive/2009/texmf-dist/tex/latex/amsmath/amsmath.sty
Package: amsmath 2000/07/18 v2.13 AMS math features
\@mathmargin=\skip44

For additional information on amsmath, use the `?' option.
(/usr/local/texlive/2009/texmf-dist/tex/latex/amsmath/amstext.sty
Package: amstext 2000/06/29 v2.01

(/usr/local/texlive/2009/texmf-dist/tex/latex/amsmath/amsgen.sty
File: amsgen.sty 1999/11/30 v2.0
\@emptytoks=\toks14
\ex@=\dimen103
))
(/usr/local/texlive/2009/texmf-dist/tex/latex/amsmath/amsbsy.sty
Package: amsbsy 1999/11/29 v1.2d
\pmbraise@=\dimen104
)
(/usr/local/texlive/2009/texmf-dist/tex/latex/amsmath/amsopn.sty
Package: amsopn 1999/12/14 v2.01 operator names
)
\inf@bad=\count87
LaTeX Info: Redefining \frac on input line 211.
\uproot@=\count88
\leftroot@=\count89
LaTeX Info: Redefining \overline on input line 307.
\classnum@=\count90
\DOTSCASE@=\count91
LaTeX Info: Redefining \ldots on input line 379.
LaTeX Info: Redefining \dots on input line 382.
LaTeX Info: Redefining \cdots on input line 467.
\Mathstrutbox@=\box26
\strutbox@=\box27
\big@size=\dimen105
LaTeX Font Info:    Redeclaring font encoding OML on input line 567.
LaTeX Font Info:    Redeclaring font encoding OMS on input line 568.
\macc@depth=\count92
\c@MaxMatrixCols=\count93
\dotsspace@=\muskip10
\c@parentequation=\count94
\dspbrk@lvl=\count95
\tag@help=\toks15
\row@=\count96
\column@=\count97
\maxfields@=\count98
\andhelp@=\toks16
\eqnshift@=\dimen106
\alignsep@=\dimen107
\tagshift@=\dimen108
\tagwidth@=\dimen109
\totwidth@=\dimen110
\lineht@=\dimen111
\@envbody=\toks17
\multlinegap=\skip45
\multlinetaggap=\skip46
\mathdisplay@stack=\toks18
LaTeX Info: Redefining \[ on input line 2666.
LaTeX Info: Redefining \] on input line 2667.
)
(/usr/local/texlive/2009/texmf-dist/tex/latex/algorithms/algorithm.sty
Package: algorithm 2009/08/24 v0.1 Document Style `algorithm' - floating enviro
nment

(/usr/local/texlive/2009/texmf-dist/tex/latex/float/float.sty
Package: float 2001/11/08 v1.3d Float enhancements (AL)
\c@float@type=\count99
\float@exts=\toks19
\float@box=\box28
\@float@everytoks=\toks20
\@floatcapt=\box29
)
(/usr/local/texlive/2009/texmf-dist/tex/latex/base/ifthen.sty
Package: ifthen 2001/05/26 v1.1c Standard LaTeX ifthen package (DPC)
)
\@float@every@algorithm=\toks21
\c@algorithm=\count100
)
(/usr/local/texlive/2009/texmf-dist/tex/latex/algorithms/algorithmic.sty
Package: algorithmic 2009/08/24 v0.1 Document Style `algorithmic'

(/usr/local/texlive/2009/texmf-dist/tex/latex/graphics/keyval.sty
Package: keyval 1999/03/16 v1.13 key=value parser (DPC)
\KV@toks@=\toks22
)
\c@ALC@unique=\count101
\c@ALC@line=\count102
\c@ALC@rem=\count103
\c@ALC@depth=\count104
\ALC@tlm=\skip47
\algorithmicindent=\skip48
)
(/usr/local/texlive/2009/texmf-dist/tex/latex/multirow/multirow.sty
\bigstrutjot=\dimen112
)
(/usr/local/texlive/2009/texmf-dist/tex/latex/ltxmisc/url.sty
\Urlmuskip=\muskip11
Package: url 2006/04/12  ver 3.3  Verb mode for urls, etc.
)
(/usr/local/texlive/2009/texmf-dist/tex/latex/graphics/graphicx.sty
Package: graphicx 1999/02/16 v1.0f Enhanced LaTeX Graphics (DPC,SPQR)

(/usr/local/texlive/2009/texmf-dist/tex/latex/graphics/graphics.sty
Package: graphics 2009/02/05 v1.0o Standard LaTeX Graphics (DPC,SPQR)

(/usr/local/texlive/2009/texmf-dist/tex/latex/graphics/trig.sty
Package: trig 1999/03/16 v1.09 sin cos tan (DPC)
)
(/usr/local/texlive/2009/texmf-dist/tex/latex/latexconfig/graphics.cfg
File: graphics.cfg 2009/08/28 v1.8 graphics configuration of TeX Live
)
Package graphics Info: Driver file: pdftex.def on input line 91.

(/usr/local/texlive/2009/texmf-dist/tex/latex/pdftex-def/pdftex.def
File: pdftex.def 2009/08/25 v0.04m Graphics/color for pdfTeX
\Gread@gobject=\count105
))
\Gin@req@height=\dimen113
\Gin@req@width=\dimen114
)
(/usr/local/texlive/2009/texmf-dist/tex/latex/tools/longtable.sty
Package: longtable 2004/02/01 v4.11 Multi-page Table package (DPC)
\LTleft=\skip49
\LTright=\skip50
\LTpre=\skip51
\LTpost=\skip52
\LTchunksize=\count106
\LTcapwidth=\dimen115
\LT@head=\box30
\LT@firsthead=\box31
\LT@foot=\box32
\LT@lastfoot=\box33
\LT@cols=\count107
\LT@rows=\count108
\c@LT@tables=\count109
\c@LT@chunks=\count110
\LT@p@ftn=\toks23
)
(/usr/local/texlive/2009/texmf-dist/tex/latex/caption/caption.sty
Package: caption 2009/10/09 v3.1k Customizing captions (AR)

(/usr/local/texlive/2009/texmf-dist/tex/latex/caption/caption3.sty
Package: caption3 2009/10/09 v3.1k caption3 kernel (AR)
\captionmargin=\dimen116
\captionmargin@=\dimen117
\captionwidth=\dimen118
\caption@indent=\dimen119
\caption@parindent=\dimen120
\caption@hangindent=\dimen121
Package caption Info: Unknown document class (or package),
(caption)             standard defaults will be used on input line 1068.
)

Package caption Warning: Unsupported document class (or package) detected,
(caption)                usage of the caption package is not recommended.
See the caption package documentation for explanation.

Package caption Info: \@makecaption = \long macro:#1->\@@makecaption {\small #1
}.
\c@ContinuedFloat=\count111
Package caption Info: float package is loaded.
Package caption Info: longtable package is loaded.
(/usr/local/texlive/2009/texmf-dist/tex/latex/caption/ltcaption.sty
Package: ltcaption 2008/03/28 v1.2 longtable captions (AR)
))
(./limt.aux)
\openout1 = `limt.aux'.

LaTeX Font Info:    Checking defaults for OML/cmm/m/it on input line 22.
LaTeX Font Info:    ... okay on input line 22.
LaTeX Font Info:    Checking defaults for T1/cmr/m/n on input line 22.
LaTeX Font Info:    ... okay on input line 22.
LaTeX Font Info:    Checking defaults for OT1/cmr/m/n on input line 22.
LaTeX Font Info:    ... okay on input line 22.
LaTeX Font Info:    Checking defaults for OMS/cmsy/m/n on input line 22.
LaTeX Font Info:    ... okay on input line 22.
LaTeX Font Info:    Checking defaults for OMX/cmex/m/n on input line 22.
LaTeX Font Info:    ... okay on input line 22.
LaTeX Font Info:    Checking defaults for U/cmr/m/n on input line 22.
LaTeX Font Info:    ... okay on input line 22.
LaTeX Font Info:    Try loading font information for OT1+ptm on input line 22.
 (/usr/local/texlive/2009/texmf-dist/tex/latex/psnfss/ot1ptm.fd
File: ot1ptm.fd 2001/06/04 font definitions for OT1/ptm.
)
(/usr/local/texlive/2009/texmf-dist/tex/context/base/supp-pdf.mkii
[Loading MPS to PDF converter (version 2006.09.02).]
\scratchcounter=\count112
\scratchdimen=\dimen122
\scratchbox=\box34
\nofMPsegments=\count113
\nofMParguments=\count114
\everyMPshowfont=\toks24
\MPscratchCnt=\count115
\MPscratchDim=\dimen123
\MPnumerator=\count116
\everyMPtoPDFconversion=\toks25
)
Package caption Info: Begin \AtBeginDocument code.
Package caption Info: End \AtBeginDocument code.
LaTeX Font Info:    Font shape `OT1/ptm/bx/n' in size <14.4> not available
(Font)              Font shape `OT1/ptm/b/n' tried instead on input line 24.
LaTeX Font Info:    Try loading font information for U+lasy on input line 24.
 (/usr/local/texlive/2009/texmf-dist/tex/latex/base/ulasy.fd
File: ulasy.fd 1998/08/17 v2.2e LaTeX symbol font definitions
)
LaTeX Font Info:    Font shape `OT1/ptm/bx/n' in size <12> not available
(Font)              Font shape `OT1/ptm/b/n' tried instead on input line 24.

Underfull \hbox (badness 2689) in paragraph at lines 29--30
\OT1/ptm/m/n/10.95 style (Rapp, 1999) bilin-gual lex-i-con in-duc-tion
 []

LaTeX Font Info:    Font shape `OT1/ptm/bx/n' in size <10.95> not available
(Font)              Font shape `OT1/ptm/b/n' tried instead on input line 42.

Underfull \vbox (badness 10000) has occurred while \output is active []

 [1{/usr/local/texlive/2009/texmf-var/fonts/map/pdftex/updmap/pdftex.map}




] [2] [3]
[4] <../byFreqGraphs/az/lexinductnew.pdf, id=24, 505.89pt x 433.62pt>
File: ../byFreqGraphs/az/lexinductnew.pdf Graphic file (type pdf)

<use ../byFreqGraphs/az/lexinductnew.pdf>
<../byFreqGraphs/ne/lexinductnew.pdf, id=25, 505.89pt x 433.62pt>
File: ../byFreqGraphs/ne/lexinductnew.pdf Graphic file (type pdf)

<use ../byFreqGraphs/ne/lexinductnew.pdf>
<../byFreqGraphs/ta/lexinductnew.pdf, id=26, 505.89pt x 433.62pt>
File: ../byFreqGraphs/ta/lexinductnew.pdf Graphic file (type pdf)

<use ../byFreqGraphs/ta/lexinductnew.pdf>
<../byFreqGraphs/so/lexinductnew.pdf, id=27, 505.89pt x 433.62pt>
File: ../byFreqGraphs/so/lexinductnew.pdf Graphic file (type pdf)

<use ../byFreqGraphs/so/lexinductnew.pdf>
<../byFreqGraphs/uz/lexinductnew.pdf, id=28, 505.89pt x 433.62pt>
File: ../byFreqGraphs/uz/lexinductnew.pdf Graphic file (type pdf)

<use ../byFreqGraphs/uz/lexinductnew.pdf>
<../byFreqGraphs/ro/lexinductnew.pdf, id=29, 505.89pt x 433.62pt>
File: ../byFreqGraphs/ro/lexinductnew.pdf Graphic file (type pdf)

<use ../byFreqGraphs/ro/lexinductnew.pdf>
<../byFreqGraphs/sq/lexinductnew.pdf, id=30, 505.89pt x 433.62pt>
File: ../byFreqGraphs/sq/lexinductnew.pdf Graphic file (type pdf)

<use ../byFreqGraphs/sq/lexinductnew.pdf>
<../byFreqGraphs/id/lexinductnew.pdf, id=31, 505.89pt x 433.62pt>
File: ../byFreqGraphs/id/lexinductnew.pdf Graphic file (type pdf)

<use ../byFreqGraphs/id/lexinductnew.pdf>
<../byFreqGraphs/cy/lexinductnew.pdf, id=32, 505.89pt x 433.62pt>
File: ../byFreqGraphs/cy/lexinductnew.pdf Graphic file (type pdf)

<use ../byFreqGraphs/cy/lexinductnew.pdf>
<../byFreqGraphs/bn/lexinductnew.pdf, id=33, 505.89pt x 433.62pt>
File: ../byFreqGraphs/bn/lexinductnew.pdf Graphic file (type pdf)

<use ../byFreqGraphs/bn/lexinductnew.pdf>
<../byFreqGraphs/sr/lexinductnew.pdf, id=34, 505.89pt x 433.62pt>
File: ../byFreqGraphs/sr/lexinductnew.pdf Graphic file (type pdf)

<use ../byFreqGraphs/sr/lexinductnew.pdf> [5 <../byFreqGraphs/az/lexinductnew.p
df> <../byFreqGraphs/ne/lexinductnew.pdf> <../byFreqGraphs/ta/lexinductnew.pdf>
 <../byFreqGraphs/so/lexinductnew.pdf> <../byFreqGraphs/uz/lexinductnew.pdf>]
[6 <../byFreqGraphs/ro/lexinductnew.pdf> <../byFreqGraphs/sq/lexinductnew.pdf> 
<../byFreqGraphs/id/lexinductnew.pdf> <../byFreqGraphs/cy/lexinductnew.pdf> <..
/byFreqGraphs/bn/lexinductnew.pdf> <../byFreqGraphs/sr/lexinductnew.pdf>]
<../byFreqGraphs/bs/lexinductnew.pdf, id=118, 505.89pt x 433.62pt>
File: ../byFreqGraphs/bs/lexinductnew.pdf Graphic file (type pdf)

<use ../byFreqGraphs/bs/lexinductnew.pdf>
<../byFreqGraphs/pl/lexinductnew.pdf, id=119, 505.89pt x 433.62pt>
File: ../byFreqGraphs/pl/lexinductnew.pdf Graphic file (type pdf)

<use ../byFreqGraphs/pl/lexinductnew.pdf>
<../byFreqGraphs/tr/lexinductnew.pdf, id=120, 505.89pt x 433.62pt>
File: ../byFreqGraphs/tr/lexinductnew.pdf Graphic file (type pdf)

<use ../byFreqGraphs/tr/lexinductnew.pdf>
<../byFreqGraphs/uk/lexinductnew.pdf, id=121, 505.89pt x 433.62pt>
File: ../byFreqGraphs/uk/lexinductnew.pdf Graphic file (type pdf)

<use ../byFreqGraphs/uk/lexinductnew.pdf>
<../byFreqGraphs/bg/lexinductnew.pdf, id=122, 505.89pt x 433.62pt>
File: ../byFreqGraphs/bg/lexinductnew.pdf Graphic file (type pdf)

<use ../byFreqGraphs/bg/lexinductnew.pdf>
<../byFreqGraphs/lv/lexinductnew.pdf, id=123, 505.89pt x 433.62pt>
File: ../byFreqGraphs/lv/lexinductnew.pdf Graphic file (type pdf)

<use ../byFreqGraphs/lv/lexinductnew.pdf> [7 <../byFreqGraphs/bs/lexinductnew.p
df> <../byFreqGraphs/pl/lexinductnew.pdf> <../byFreqGraphs/tr/lexinductnew.pdf>
 <../byFreqGraphs/uk/lexinductnew.pdf> <../byFreqGraphs/bg/lexinductnew.pdf> <.
./byFreqGraphs/lv/lexinductnew.pdf>]
<../byFreqGraphs/hi/lexinductnew.pdf, id=170, 505.89pt x 433.62pt>
File: ../byFreqGraphs/hi/lexinductnew.pdf Graphic file (type pdf)

<use ../byFreqGraphs/hi/lexinductnew.pdf>
<../byFreqGraphs/sk/lexinductnew.pdf, id=171, 505.89pt x 433.62pt>
File: ../byFreqGraphs/sk/lexinductnew.pdf Graphic file (type pdf)

<use ../byFreqGraphs/sk/lexinductnew.pdf>
Underfull \hbox (badness 1622) in paragraph at lines 436--437
\OT1/ptm/m/n/10.95 In the sec-ond set of ex-per-i-ments, we per-form
 []


Underfull \hbox (badness 1460) in paragraph at lines 442--443
[]\OT1/ptm/m/n/10.95 Typically in sta-tis-ti-cal ma-chine trans-la-tion, a
 []

[8


 <../byFreqGraphs/hi/lexinductnew.pdf> <../byFreqGraphs/sk/lexinductnew.pdf>]
Missing character: There is no √ in font ptmr7t!
Missing character: There is no ∂ in font ptmr7t!
Missing character: There is no √ in font ptmr7t!
Missing character: There is no ß in font ptmr7t!
Missing character: There is no ‡ in font ptmr7t!
Missing character: There is no § in font ptmr7t!
Missing character: There is no ¨ in font ptmr7t!
Missing character: There is no ‡ in font ptmr7t!
Missing character: There is no § in font ptmr7t!
Missing character: There is no ∞ in font ptmr7t!
Missing character: There is no ‡ in font ptmr7t!
Missing character: There is no § in font ptmr7t!
Missing character: There is no æ in font ptmr7t!
Missing character: There is no ‡ in font ptmr7t!
Missing character: There is no § in font ptmr7t!
Missing character: There is no ï in font ptmr7t!
Missing character: There is no ‡ in font ptmr7t!
Missing character: There is no § in font ptmr7t!
Missing character: There is no π in font ptmr7t!
Missing character: There is no ‡ in font ptmr7t!
Missing character: There is no • in font ptmr7t!
Missing character: There is no Å in font ptmr7t!
Missing character: There is no ‡ in font ptmr7t!
Missing character: There is no § in font ptmr7t!
Missing character: There is no ∏ in font ptmr7t!
Missing character: There is no ‡ in font ptmr7t!
Missing character: There is no • in font ptmr7t!
Missing character: There is no à in font ptmr7t!
Missing character: There is no ‡ in font ptmr7t!
Missing character: There is no § in font ptmr7t!
Missing character: There is no ® in font ptmr7t!
Missing character: There is no ‡ in font ptmr7t!
Missing character: There is no • in font ptmr7t!
Missing character: There is no ‡ in font ptmr7t!
Missing character: There is no • in font ptmr7t!
Missing character: There is no ‡ in font ptmr7t!
Missing character: There is no § in font ptmr7t!
Missing character: There is no î in font ptmr7t!
Missing character: There is no ‡ in font ptmr7t!
Missing character: There is no § in font ptmr7t!
Missing character: There is no Ç in font ptmr7t!
Missing character: There is no ‡ in font ptmr7t!
Missing character: There is no § in font ptmr7t!
Missing character: There is no Ö in font ptmr7t!
Missing character: There is no ‡ in font ptmr7t!
Missing character: There is no § in font ptmr7t!
Missing character: There is no ∂ in font ptmr7t!
Missing character: There is no ‡ in font ptmr7t!
Missing character: There is no • in font ptmr7t!
Missing character: There is no ç in font ptmr7t!
Missing character: There is no ‡ in font ptmr7t!
Missing character: There is no § in font ptmr7t!
Missing character: There is no µ in font ptmr7t!
Missing character: There is no ‡ in font ptmr7t!
Missing character: There is no • in font ptmr7t!
Missing character: There is no á in font ptmr7t!
Missing character: There is no ‡ in font ptmr7t!
Missing character: There is no § in font ptmr7t!
Missing character: There is no § in font ptmr7t!
Missing character: There is no ‡ in font ptmr7t!
Missing character: There is no § in font ptmr7t!
Missing character: There is no Ö in font ptmr7t!
Missing character: There is no ‡ in font ptmr7t!
Missing character: There is no § in font ptmr7t!
Missing character: There is no Æ in font ptmr7t!
Missing character: There is no ‡ in font ptmr7t!
Missing character: There is no § in font ptmr7t!
Missing character: There is no ∞ in font ptmr7t!
Missing character: There is no ‡ in font ptmr7t!
Missing character: There is no • in font ptmr7t!
Missing character: There is no Ä in font ptmr7t!
Missing character: There is no ‡ in font ptmr7t!
Missing character: There is no § in font ptmr7t!
Missing character: There is no ï in font ptmr7t!
Missing character: There is no ‡ in font ptmr7t!
Missing character: There is no § in font ptmr7t!
Missing character: There is no ® in font ptmr7t!
Missing character: There is no ‡ in font ptmr7t!
Missing character: There is no • in font ptmr7t!
Missing character: There is no § in font ptmr7t!
Missing character: There is no ‡ in font ptmr7t!
Missing character: There is no • in font ptmr7t!
Missing character: There is no § in font ptmr7t!
Missing character: There is no ‡ in font ptmr7t!
Missing character: There is no § in font ptmr7t!
Missing character: There is no á in font ptmr7t!
Missing character: There is no ‡ in font ptmr7t!
Missing character: There is no § in font ptmr7t!
Missing character: There is no ≤ in font ptmr7t!
Missing character: There is no ‡ in font ptmr7t!
Missing character: There is no § in font ptmr7t!
Missing character: There is no ø in font ptmr7t!
Missing character: There is no ‡ in font ptmr7t!
Missing character: There is no § in font ptmr7t!
Missing character: There is no ® in font ptmr7t!
Missing character: There is no ‡ in font ptmr7t!
Missing character: There is no • in font ptmr7t!
Missing character: There is no â in font ptmr7t!
Missing character: There is no ‡ in font ptmr7t!
Missing character: There is no § in font ptmr7t!
Missing character: There is no Ø in font ptmr7t!
Missing character: There is no ‡ in font ptmr7t!
Missing character: There is no § in font ptmr7t!
Missing character: There is no ∞ in font ptmr7t!
Missing character: There is no ‡ in font ptmr7t!
Missing character: There is no § in font ptmr7t!
Missing character: There is no æ in font ptmr7t!
Missing character: There is no ‡ in font ptmr7t!
Missing character: There is no § in font ptmr7t!
Missing character: There is no ú in font ptmr7t!
Missing character: There is no ‡ in font ptmr7t!
Missing character: There is no • in font ptmr7t!
Missing character: There is no ç in font ptmr7t!
Missing character: There is no ‡ in font ptmr7t!
Missing character: There is no § in font ptmr7t!
Missing character: There is no Ø in font ptmr7t!
Missing character: There is no ‡ in font ptmr7t!
Missing character: There is no § in font ptmr7t!
Missing character: There is no ¨ in font ptmr7t!
Missing character: There is no ‡ in font ptmr7t!
Missing character: There is no § in font ptmr7t!
Missing character: There is no æ in font ptmr7t!
Missing character: There is no ‡ in font ptmr7t!
Missing character: There is no § in font ptmr7t!
Missing character: There is no ü in font ptmr7t!
Missing character: There is no ‡ in font ptmr7t!
Missing character: There is no § in font ptmr7t!
Missing character: There is no ï in font ptmr7t!
Missing character: There is no ‡ in font ptmr7t!
Missing character: There is no § in font ptmr7t!
Missing character: There is no ® in font ptmr7t!
Missing character: There is no ‡ in font ptmr7t!
Missing character: There is no § in font ptmr7t!
Missing character: There is no ø in font ptmr7t!
Missing character: There is no ‡ in font ptmr7t!
Missing character: There is no § in font ptmr7t!
Missing character: There is no ∑ in font ptmr7t!
Missing character: There is no ‡ in font ptmr7t!
Missing character: There is no • in font ptmr7t!
Missing character: There is no ç in font ptmr7t!
Missing character: There is no ‡ in font ptmr7t!
Missing character: There is no § in font ptmr7t!
Missing character: There is no † in font ptmr7t!
Missing character: There is no ‡ in font ptmr7t!
Missing character: There is no § in font ptmr7t!
Missing character: There is no ∏ in font ptmr7t!
Missing character: There is no ‡ in font ptmr7t!
Missing character: There is no • in font ptmr7t!
Missing character: There is no á in font ptmr7t!
Missing character: There is no ‡ in font ptmr7t!
Missing character: There is no § in font ptmr7t!
Missing character: There is no ® in font ptmr7t!
Missing character: There is no ‡ in font ptmr7t!
Missing character: There is no • in font ptmr7t!
Missing character: There is no á in font ptmr7t!
Missing character: There is no ‡ in font ptmr7t!
Missing character: There is no § in font ptmr7t!
Missing character: There is no ü in font ptmr7t!
Missing character: There is no ‡ in font ptmr7t!
Missing character: There is no § in font ptmr7t!
Missing character: There is no ∞ in font ptmr7t!
Missing character: There is no ‡ in font ptmr7t!
Missing character: There is no § in font ptmr7t!
Missing character: There is no ∞ in font ptmr7t!
Missing character: There is no ‡ in font ptmr7t!
Missing character: There is no § in font ptmr7t!
Missing character: There is no æ in font ptmr7t!
Missing character: There is no ‡ in font ptmr7t!
Missing character: There is no § in font ptmr7t!
Missing character: There is no ∑ in font ptmr7t!
Missing character: There is no ‡ in font ptmr7t!
Missing character: There is no • in font ptmr7t!
Missing character: There is no ç in font ptmr7t!
Missing character: There is no ‡ in font ptmr7t!
Missing character: There is no § in font ptmr7t!
Missing character: There is no ü in font ptmr7t!
Missing character: There is no ‡ in font ptmr7t!
Missing character: There is no § in font ptmr7t!
Missing character: There is no ‡ in font ptmr7t!
Missing character: There is no § in font ptmr7t!
Missing character: There is no § in font ptmr7t!
Missing character: There is no ‡ in font ptmr7t!
Missing character: There is no § in font ptmr7t!
Missing character: There is no ø in font ptmr7t!
Missing character: There is no ‡ in font ptmr7t!
Missing character: There is no • in font ptmr7t!
Missing character: There is no § in font ptmr7t!
Missing character: There is no ‡ in font ptmr7t!
Missing character: There is no § in font ptmr7t!
Missing character: There is no π in font ptmr7t!
Missing character: There is no ‡ in font ptmr7t!
Missing character: There is no § in font ptmr7t!
Missing character: There is no æ in font ptmr7t!
Missing character: There is no ‡ in font ptmr7t!
Missing character: There is no § in font ptmr7t!
Missing character: There is no ∞ in font ptmr7t!
Missing character: There is no ‡ in font ptmr7t!
Missing character: There is no • in font ptmr7t!
Missing character: There is no ç in font ptmr7t!
Missing character: There is no ‡ in font ptmr7t!
Missing character: There is no § in font ptmr7t!
Missing character: There is no µ in font ptmr7t!
Missing character: There is no ‡ in font ptmr7t!
Missing character: There is no § in font ptmr7t!
Missing character: There is no ∞ in font ptmr7t!
Missing character: There is no ‡ in font ptmr7t!
Missing character: There is no • in font ptmr7t!
Missing character: There is no ç in font ptmr7t!
Missing character: There is no ‡ in font ptmr7t!
Missing character: There is no § in font ptmr7t!
Missing character: There is no ° in font ptmr7t!
Missing character: There is no ‡ in font ptmr7t!
Missing character: There is no § in font ptmr7t!
Missing character: There is no ≤ in font ptmr7t!
Missing character: There is no ‡ in font ptmr7t!
Missing character: There is no § in font ptmr7t!
Missing character: There is no ∏ in font ptmr7t!
Missing character: There is no ‡ in font ptmr7t!
Missing character: There is no • in font ptmr7t!
Missing character: There is no ç in font ptmr7t!
Missing character: There is no ‡ in font ptmr7t!
Missing character: There is no § in font ptmr7t!
Missing character: There is no ï in font ptmr7t!
Missing character: There is no ‡ in font ptmr7t!
Missing character: There is no • in font ptmr7t!
Missing character: There is no Ç in font ptmr7t!
Missing character: There is no ‡ in font ptmr7t!
Missing character: There is no § in font ptmr7t!
Missing character: There is no ≤ in font ptmr7t!
Missing character: There is no ‡ in font ptmr7t!
Missing character: There is no § in font ptmr7t!
Missing character: There is no ¨ in font ptmr7t!
Missing character: There is no ‡ in font ptmr7t!
Missing character: There is no § in font ptmr7t!
Missing character: There is no æ in font ptmr7t!
Missing character: There is no ‡ in font ptmr7t!
Missing character: There is no § in font ptmr7t!
Missing character: There is no ü in font ptmr7t!
Missing character: There is no ‡ in font ptmr7t!
Missing character: There is no § in font ptmr7t!
Missing character: There is no π in font ptmr7t!
Missing character: There is no ‡ in font ptmr7t!
Missing character: There is no § in font ptmr7t!
Missing character: There is no æ in font ptmr7t!
Missing character: There is no ‡ in font ptmr7t!
Missing character: There is no § in font ptmr7t!
Missing character: There is no ∞ in font ptmr7t!
Missing character: There is no ‡ in font ptmr7t!
Missing character: There is no • in font ptmr7t!
Missing character: There is no ç in font ptmr7t!
Missing character: There is no ‡ in font ptmr7t!
Missing character: There is no § in font ptmr7t!
Missing character: There is no µ in font ptmr7t!
Missing character: There is no ‡ in font ptmr7t!
Missing character: There is no § in font ptmr7t!
Missing character: There is no ∞ in font ptmr7t!
Missing character: There is no ‡ in font ptmr7t!
Missing character: There is no • in font ptmr7t!
Missing character: There is no ç in font ptmr7t!
Missing character: There is no ‡ in font ptmr7t!
Missing character: There is no § in font ptmr7t!
Missing character: There is no ° in font ptmr7t!
Missing character: There is no ‡ in font ptmr7t!
Missing character: There is no § in font ptmr7t!
Missing character: There is no ≤ in font ptmr7t!
Missing character: There is no ‡ in font ptmr7t!
Missing character: There is no § in font ptmr7t!
Missing character: There is no ∞ in font ptmr7t!
Missing character: There is no ‡ in font ptmr7t!
Missing character: There is no § in font ptmr7t!
Missing character: There is no ø in font ptmr7t!
Missing character: There is no ‡ in font ptmr7t!
Missing character: There is no § in font ptmr7t!
Missing character: There is no µ in font ptmr7t!
Missing character: There is no ‡ in font ptmr7t!
Missing character: There is no • in font ptmr7t!
Missing character: There is no ç in font ptmr7t!
Missing character: There is no ‡ in font ptmr7t!
Missing character: There is no § in font ptmr7t!
Missing character: There is no Ø in font ptmr7t!
Missing character: There is no ‡ in font ptmr7t!
Missing character: There is no • in font ptmr7t!
Missing character: There is no Ç in font ptmr7t!
Missing character: There is no ‡ in font ptmr7t!
Missing character: There is no § in font ptmr7t!
Missing character: There is no ï in font ptmr7t!
Missing character: There is no ‡ in font ptmr7t!
Missing character: There is no § in font ptmr7t!
Missing character: There is no æ in font ptmr7t!
Missing character: There is no ‡ in font ptmr7t!
Missing character: There is no § in font ptmr7t!
Missing character: There is no Ö in font ptmr7t!
Missing character: There is no ‡ in font ptmr7t!
Missing character: There is no § in font ptmr7t!
Missing character: There is no Æ in font ptmr7t!
Missing character: There is no ‡ in font ptmr7t!
Missing character: There is no § in font ptmr7t!
Missing character: There is no ∞ in font ptmr7t!
Missing character: There is no ‡ in font ptmr7t!
Missing character: There is no • in font ptmr7t!
Missing character: There is no Ä in font ptmr7t!
Missing character: There is no ‡ in font ptmr7t!
Missing character: There is no § in font ptmr7t!
Missing character: There is no ï in font ptmr7t!
Missing character: There is no ‡ in font ptmr7t!
Missing character: There is no • in font ptmr7t!
Missing character: There is no Ä in font ptmr7t!
Missing character: There is no ‡ in font ptmr7t!
Missing character: There is no • in font ptmr7t!
Missing character: There is no § in font ptmr7t!
Missing character: There is no ‡ in font ptmr7t!
Missing character: There is no • in font ptmr7t!
Missing character: There is no ® in font ptmr7t!
Missing character: There is no ‡ in font ptmr7t!
Missing character: There is no • in font ptmr7t!
Missing character: There is no ¶ in font ptmr7t!
Missing character: There is no ‡ in font ptmr7t!
Missing character: There is no • in font ptmr7t!
Missing character: There is no ¶ in font ptmr7t!
Missing character: There is no ‡ in font ptmr7t!
Missing character: There is no • in font ptmr7t!
Missing character: There is no ‡ in font ptmr7t!
Missing character: There is no § in font ptmr7t!
Missing character: There is no á in font ptmr7t!
Missing character: There is no ‡ in font ptmr7t!
Missing character: There is no § in font ptmr7t!
Missing character: There is no ≤ in font ptmr7t!
Missing character: There is no ‡ in font ptmr7t!
Missing character: There is no § in font ptmr7t!
Missing character: There is no ø in font ptmr7t!
Missing character: There is no ‡ in font ptmr7t!
Missing character: There is no § in font ptmr7t!
Missing character: There is no ® in font ptmr7t!
Missing character: There is no ‡ in font ptmr7t!
Missing character: There is no • in font ptmr7t!
Missing character: There is no â in font ptmr7t!
Missing character: There is no ‡ in font ptmr7t!
Missing character: There is no § in font ptmr7t!
Missing character: There is no Ø in font ptmr7t!
Missing character: There is no ‡ in font ptmr7t!
Missing character: There is no § in font ptmr7t!
Missing character: There is no ∏ in font ptmr7t!
Missing character: There is no ‡ in font ptmr7t!
Missing character: There is no • in font ptmr7t!
Missing character: There is no á in font ptmr7t!
Missing character: There is no ‡ in font ptmr7t!
Missing character: There is no § in font ptmr7t!
Missing character: There is no ® in font ptmr7t!
Missing character: There is no ‡ in font ptmr7t!
Missing character: There is no • in font ptmr7t!
Missing character: There is no á in font ptmr7t!
Missing character: There is no ‡ in font ptmr7t!
Missing character: There is no § in font ptmr7t!
Missing character: There is no ü in font ptmr7t!
Missing character: There is no ‡ in font ptmr7t!
Missing character: There is no § in font ptmr7t!
Missing character: There is no Æ in font ptmr7t!
Missing character: There is no ‡ in font ptmr7t!
Missing character: There is no § in font ptmr7t!
Missing character: There is no æ in font ptmr7t!
Missing character: There is no ‡ in font ptmr7t!
Missing character: There is no § in font ptmr7t!
Missing character: There is no ∏ in font ptmr7t!
Missing character: There is no ‡ in font ptmr7t!
Missing character: There is no • in font ptmr7t!
Missing character: There is no á in font ptmr7t!
Missing character: There is no ‡ in font ptmr7t!
Missing character: There is no § in font ptmr7t!
Missing character: There is no µ in font ptmr7t!
Missing character: There is no ‡ in font ptmr7t!
Missing character: There is no § in font ptmr7t!
Missing character: There is no æ in font ptmr7t!
Missing character: There is no ‡ in font ptmr7t!
Missing character: There is no § in font ptmr7t!
Missing character: There is no ï in font ptmr7t!
Missing character: There is no ‡ in font ptmr7t!
Missing character: There is no § in font ptmr7t!
Missing character: There is no æ in font ptmr7t!
Missing character: There is no ‡ in font ptmr7t!
Missing character: There is no § in font ptmr7t!
Missing character: There is no ≤ in font ptmr7t!
Missing character: There is no ‡ in font ptmr7t!
Missing character: There is no § in font ptmr7t!
Missing character: There is no Ü in font ptmr7t!
Missing character: There is no ‡ in font ptmr7t!
Missing character: There is no § in font ptmr7t!
Missing character: There is no Ø in font ptmr7t!
Missing character: There is no ‡ in font ptmr7t!
Missing character: There is no • in font ptmr7t!
Missing character: There is no ã in font ptmr7t!
Missing character: There is no ‡ in font ptmr7t!
Missing character: There is no § in font ptmr7t!
Missing character: There is no ú in font ptmr7t!
Missing character: There is no ‡ in font ptmr7t!
Missing character: There is no § in font ptmr7t!
Missing character: There is no ï in font ptmr7t!
Missing character: There is no ‡ in font ptmr7t!
Missing character: There is no § in font ptmr7t!
Missing character: There is no ï in font ptmr7t!
Missing character: There is no ‡ in font ptmr7t!
Missing character: There is no • in font ptmr7t!
Missing character: There is no ã in font ptmr7t!
Missing character: There is no ‡ in font ptmr7t!
Missing character: There is no § in font ptmr7t!
Missing character: There is no Ö in font ptmr7t!
Missing character: There is no ‡ in font ptmr7t!
Missing character: There is no § in font ptmr7t!
Missing character: There is no ß in font ptmr7t!
Missing character: There is no ‡ in font ptmr7t!
Missing character: There is no § in font ptmr7t!
Missing character: There is no ø in font ptmr7t!
Missing character: There is no ‡ in font ptmr7t!
Missing character: There is no § in font ptmr7t!
Missing character: There is no µ in font ptmr7t!
Missing character: There is no ‡ in font ptmr7t!
Missing character: There is no § in font ptmr7t!
Missing character: There is no ï in font ptmr7t!
Missing character: There is no ‡ in font ptmr7t!
Missing character: There is no • in font ptmr7t!
Missing character: There is no ç in font ptmr7t!
Missing character: There is no ‡ in font ptmr7t!
Missing character: There is no § in font ptmr7t!
Missing character: There is no § in font ptmr7t!
Missing character: There is no ‡ in font ptmr7t!
Missing character: There is no § in font ptmr7t!
Missing character: There is no æ in font ptmr7t!
Missing character: There is no ‡ in font ptmr7t!
Missing character: There is no § in font ptmr7t!
Missing character: There is no ï in font ptmr7t!
Missing character: There is no ‡ in font ptmr7t!
Missing character: There is no § in font ptmr7t!
Missing character: There is no æ in font ptmr7t!
Missing character: There is no ‡ in font ptmr7t!
Missing character: There is no § in font ptmr7t!
Missing character: There is no ‡ in font ptmr7t!
Missing character: There is no • in font ptmr7t!
Missing character: There is no ç in font ptmr7t!
Missing character: There is no ‡ in font ptmr7t!
Missing character: There is no § in font ptmr7t!
Missing character: There is no ∞ in font ptmr7t!
Missing character: There is no ‡ in font ptmr7t!
Missing character: There is no • in font ptmr7t!
Missing character: There is no á in font ptmr7t!
Missing character: There is no ‡ in font ptmr7t!
Missing character: There is no § in font ptmr7t!
Missing character: There is no ï in font ptmr7t!
Missing character: There is no ‡ in font ptmr7t!
Missing character: There is no • in font ptmr7t!
Missing character: There is no ç in font ptmr7t!
Missing character: There is no ‡ in font ptmr7t!
Missing character: There is no § in font ptmr7t!
Missing character: There is no ü in font ptmr7t!
Missing character: There is no ‡ in font ptmr7t!
Missing character: There is no § in font ptmr7t!
Missing character: There is no ø in font ptmr7t!
Missing character: There is no ‡ in font ptmr7t!
Missing character: There is no § in font ptmr7t!
Missing character: There is no ∏ in font ptmr7t!
Missing character: There is no ‡ in font ptmr7t!
Missing character: There is no • in font ptmr7t!
Missing character: There is no ® in font ptmr7t!
Missing character: There is no ‡ in font ptmr7t!
Missing character: There is no • in font ptmr7t!
Missing character: There is no ¶ in font ptmr7t!
Missing character: There is no ‡ in font ptmr7t!
Missing character: There is no • in font ptmr7t!
Missing character: There is no ¶ in font ptmr7t!
Missing character: There is no ‡ in font ptmr7t!
Missing character: There is no • in font ptmr7t!
Missing character: There is no ‡ in font ptmr7t!
Missing character: There is no § in font ptmr7t!
Missing character: There is no ∂ in font ptmr7t!
Missing character: There is no ‡ in font ptmr7t!
Missing character: There is no § in font ptmr7t!
Missing character: There is no ø in font ptmr7t!
Missing character: There is no ‡ in font ptmr7t!
Missing character: There is no § in font ptmr7t!
Missing character: There is no ï in font ptmr7t!
Missing character: There is no ‡ in font ptmr7t!
Missing character: There is no § in font ptmr7t!
Missing character: There is no æ in font ptmr7t!
Missing character: There is no ‡ in font ptmr7t!
Missing character: There is no § in font ptmr7t!
Missing character: There is no ó in font ptmr7t!
Missing character: There is no ‡ in font ptmr7t!
Missing character: There is no • in font ptmr7t!
Missing character: There is no ã in font ptmr7t!
Missing character: There is no ‡ in font ptmr7t!
Missing character: There is no • in font ptmr7t!
Missing character: There is no § in font ptmr7t!
Missing character: There is no ‡ in font ptmr7t!
Missing character: There is no § in font ptmr7t!
Missing character: There is no Ü in font ptmr7t!
Missing character: There is no ‡ in font ptmr7t!
Missing character: There is no § in font ptmr7t!
Missing character: There is no ´ in font ptmr7t!
Missing character: There is no ‡ in font ptmr7t!
Missing character: There is no § in font ptmr7t!
Missing character: There is no ∞ in font ptmr7t!
Missing character: There is no ‡ in font ptmr7t!
Missing character: There is no § in font ptmr7t!
Missing character: There is no ø in font ptmr7t!
Missing character: There is no ‡ in font ptmr7t!
Missing character: There is no § in font ptmr7t!
Missing character: There is no ‡ in font ptmr7t!
Missing character: There is no • in font ptmr7t!
Missing character: There is no ç in font ptmr7t!
Missing character: There is no ‡ in font ptmr7t!
Missing character: There is no § in font ptmr7t!
Missing character: There is no ∞ in font ptmr7t!
Missing character: There is no ‡ in font ptmr7t!
Missing character: There is no • in font ptmr7t!
Missing character: There is no á in font ptmr7t!
Missing character: There is no ‡ in font ptmr7t!
Missing character: There is no § in font ptmr7t!
Missing character: There is no ∏ in font ptmr7t!
Missing character: There is no ‡ in font ptmr7t!
Missing character: There is no • in font ptmr7t!
Missing character: There is no á in font ptmr7t!
Missing character: There is no ‡ in font ptmr7t!
Missing character: There is no § in font ptmr7t!
Missing character: There is no Ç in font ptmr7t!
Missing character: There is no ‡ in font ptmr7t!
Missing character: There is no § in font ptmr7t!
Missing character: There is no ü in font ptmr7t!
Missing character: There is no ‡ in font ptmr7t!
Missing character: There is no • in font ptmr7t!
Missing character: There is no á in font ptmr7t!
Missing character: There is no ‡ in font ptmr7t!
Missing character: There is no § in font ptmr7t!
Missing character: There is no ü in font ptmr7t!
Missing character: There is no ‡ in font ptmr7t!
Missing character: There is no § in font ptmr7t!
Missing character: There is no ø in font ptmr7t!
Missing character: There is no ‡ in font ptmr7t!
Missing character: There is no § in font ptmr7t!
Missing character: There is no µ in font ptmr7t!
Missing character: There is no ‡ in font ptmr7t!
Missing character: There is no § in font ptmr7t!
Missing character: There is no Æ in font ptmr7t!
Missing character: There is no ‡ in font ptmr7t!
Missing character: There is no § in font ptmr7t!
Missing character: There is no æ in font ptmr7t!
Missing character: There is no ‡ in font ptmr7t!
Missing character: There is no § in font ptmr7t!
Missing character: There is no ∏ in font ptmr7t!
Missing character: There is no ‡ in font ptmr7t!
Missing character: There is no • in font ptmr7t!
Missing character: There is no Ä in font ptmr7t!
Missing character: There is no ‡ in font ptmr7t!
Missing character: There is no § in font ptmr7t!
Missing character: There is no ü in font ptmr7t!
Missing character: There is no ‡ in font ptmr7t!
Missing character: There is no § in font ptmr7t!
Missing character: There is no Ö in font ptmr7t!
Missing character: There is no ‡ in font ptmr7t!
Missing character: There is no § in font ptmr7t!
Missing character: There is no Æ in font ptmr7t!
Missing character: There is no ‡ in font ptmr7t!
Missing character: There is no § in font ptmr7t!
Missing character: There is no ∞ in font ptmr7t!
Missing character: There is no ‡ in font ptmr7t!
Missing character: There is no • in font ptmr7t!
Missing character: There is no Ä in font ptmr7t!
Missing character: There is no ‡ in font ptmr7t!
Missing character: There is no § in font ptmr7t!
Missing character: There is no ï in font ptmr7t!
Missing character: There is no ‡ in font ptmr7t!
Missing character: There is no • in font ptmr7t!
Missing character: There is no Ä in font ptmr7t!
Missing character: There is no ‡ in font ptmr7t!
Missing character: There is no § in font ptmr7t!
Missing character: There is no ∏ in font ptmr7t!
Missing character: There is no ‡ in font ptmr7t!
Missing character: There is no • in font ptmr7t!
Missing character: There is no á in font ptmr7t!
Missing character: There is no ‡ in font ptmr7t!
Missing character: There is no § in font ptmr7t!
Missing character: There is no ® in font ptmr7t!
Missing character: There is no ‡ in font ptmr7t!
Missing character: There is no • in font ptmr7t!
Missing character: There is no á in font ptmr7t!
Missing character: There is no ‡ in font ptmr7t!
Missing character: There is no § in font ptmr7t!
Missing character: There is no ü in font ptmr7t!
Missing character: There is no ‡ in font ptmr7t!
Missing character: There is no § in font ptmr7t!
Missing character: There is no § in font ptmr7t!
Missing character: There is no ‡ in font ptmr7t!
Missing character: There is no § in font ptmr7t!
Missing character: There is no ∞ in font ptmr7t!
Missing character: There is no ‡ in font ptmr7t!
Missing character: There is no • in font ptmr7t!
Missing character: There is no ç in font ptmr7t!
Missing character: There is no ‡ in font ptmr7t!
Missing character: There is no § in font ptmr7t!
Missing character: There is no ´ in font ptmr7t!
Missing character: There is no ‡ in font ptmr7t!
Missing character: There is no • in font ptmr7t!
Missing character: There is no ® in font ptmr7t!
Missing character: There is no ‡ in font ptmr7t!
Missing character: There is no • in font ptmr7t!
Missing character: There is no ¶ in font ptmr7t!
Missing character: There is no ‡ in font ptmr7t!
Missing character: There is no • in font ptmr7t!
Missing character: There is no ¶ in font ptmr7t!
Missing character: There is no ‡ in font ptmr7t!
Missing character: There is no • in font ptmr7t!
Missing character: There is no ‡ in font ptmr7t!
Missing character: There is no § in font ptmr7t!
Missing character: There is no ® in font ptmr7t!
Missing character: There is no ‡ in font ptmr7t!
Missing character: There is no § in font ptmr7t!
Missing character: There is no µ in font ptmr7t!
Missing character: There is no ‡ in font ptmr7t!
Missing character: There is no § in font ptmr7t!
Missing character: There is no Æ in font ptmr7t!
Missing character: There is no ‡ in font ptmr7t!
Missing character: There is no • in font ptmr7t!
Missing character: There is no ç in font ptmr7t!
Missing character: There is no ‡ in font ptmr7t!
Missing character: There is no § in font ptmr7t!
Missing character: There is no ¨ in font ptmr7t!
Missing character: There is no ‡ in font ptmr7t!
Missing character: There is no § in font ptmr7t!
Missing character: There is no ∞ in font ptmr7t!
Missing character: There is no ‡ in font ptmr7t!
Missing character: There is no § in font ptmr7t!
Missing character: There is no ∏ in font ptmr7t!
Missing character: There is no ‡ in font ptmr7t!
Missing character: There is no • in font ptmr7t!
Missing character: There is no á in font ptmr7t!
Missing character: There is no ‡ in font ptmr7t!
Missing character: There is no § in font ptmr7t!
Missing character: There is no ® in font ptmr7t!
Missing character: There is no ‡ in font ptmr7t!
Missing character: There is no • in font ptmr7t!
Missing character: There is no á in font ptmr7t!
Missing character: There is no ‡ in font ptmr7t!
Missing character: There is no § in font ptmr7t!
Missing character: There is no ü in font ptmr7t!
Missing character: There is no ‡ in font ptmr7t!
Missing character: There is no § in font ptmr7t!
Missing character: There is no ï in font ptmr7t!
Missing character: There is no ‡ in font ptmr7t!
Missing character: There is no § in font ptmr7t!
Missing character: There is no æ in font ptmr7t!
Missing character: There is no ‡ in font ptmr7t!
Missing character: There is no Æ in font ptmr7t!
Missing character: There is no ‡ in font ptmr7t!
Missing character: There is no Æ in font ptmr7t!
Missing character: There is no ∞ in font ptmr7t!
Missing character: There is no ‡ in font ptmr7t!
Missing character: There is no Æ in font ptmr7t!
Missing character: There is no æ in font ptmr7t!
Missing character: There is no ‡ in font ptmr7t!
Missing character: There is no Æ in font ptmr7t!
Missing character: There is no ï in font ptmr7t!
Missing character: There is no ‡ in font ptmr7t!
Missing character: There is no Ø in font ptmr7t!
Missing character: There is no ç in font ptmr7t!
Missing character: There is no ‡ in font ptmr7t!
Missing character: There is no Æ in font ptmr7t!
Missing character: There is no â in font ptmr7t!
Missing character: There is no ‡ in font ptmr7t!
Missing character: There is no Æ in font ptmr7t!
Missing character: There is no ö in font ptmr7t!
Missing character: There is no ‡ in font ptmr7t!
Missing character: There is no Ø in font ptmr7t!
Missing character: There is no á in font ptmr7t!
Missing character: There is no ‡ in font ptmr7t!
Missing character: There is no Æ in font ptmr7t!
Missing character: There is no © in font ptmr7t!
Missing character: There is no ‡ in font ptmr7t!
Missing character: There is no Ø in font ptmr7t!
Missing character: There is no ç in font ptmr7t!
Missing character: There is no … in font ptmr7t!
Missing character: There is no ô in font ptmr7t!
Missing character: There is no À in font ptmr7t!
Missing character: There is no à in font ptmr7t!
Missing character: There is no … in font ptmr7t!
Missing character: There is no ë in font ptmr7t!
Missing character: There is no À in font ptmr7t!
Missing character: There is no ê in font ptmr7t!
Missing character: There is no   in font ptmr7t!
Missing character: There is no À in font ptmr7t!
Missing character: There is no à in font ptmr7t!
Missing character: There is no … in font ptmr7t!
Missing character: There is no   in font ptmr7t!
Missing character: There is no À in font ptmr7t!
Missing character: There is no à in font ptmr7t!
Missing character: There is no … in font ptmr7t!
Missing character: There is no ë in font ptmr7t!
Missing character: There is no À in font ptmr7t!
Missing character: There is no ê in font ptmr7t!
Missing character: There is no … in font ptmr7t!
Missing character: There is no ô in font ptmr7t!
Missing character: There is no ‡ in font ptmr7t!
Missing character: There is no Æ in font ptmr7t!
Missing character: There is no Æ in font ptmr7t!
Missing character: There is no ‡ in font ptmr7t!
Missing character: There is no Ø in font ptmr7t!
Missing character: There is no á in font ptmr7t!
Missing character: There is no ‡ in font ptmr7t!
Missing character: There is no Æ in font ptmr7t!
Missing character: There is no ≤ in font ptmr7t!
Missing character: There is no ‡ in font ptmr7t!
Missing character: There is no Æ in font ptmr7t!
Missing character: There is no µ in font ptmr7t!
Missing character: There is no ‡ in font ptmr7t!
Missing character: There is no Ø in font ptmr7t!
Missing character: There is no à in font ptmr7t!
Missing character: There is no ‡ in font ptmr7t!
Missing character: There is no Æ in font ptmr7t!
Missing character: There is no Ø in font ptmr7t!
Missing character: There is no ‡ in font ptmr7t!
Missing character: There is no Æ in font ptmr7t!
Missing character: There is no ø in font ptmr7t!
Missing character: There is no ‡ in font ptmr7t!
Missing character: There is no Æ in font ptmr7t!
Missing character: There is no ≤ in font ptmr7t!
Missing character: There is no ‡ in font ptmr7t!
Missing character: There is no Ø in font ptmr7t!
Missing character: There is no Å in font ptmr7t!
Missing character: There is no ‡ in font ptmr7t!
Missing character: There is no Æ in font ptmr7t!
Missing character: There is no Æ in font ptmr7t!
Missing character: There is no ‡ in font ptmr7t!
Missing character: There is no Ø in font ptmr7t!
Missing character: There is no ç in font ptmr7t!
Missing character: There is no ‡ in font ptmr7t!
Missing character: There is no Æ in font ptmr7t!
Missing character: There is no á in font ptmr7t!
Missing character: There is no ‡ in font ptmr7t!
Missing character: There is no Æ in font ptmr7t!
Missing character: There is no ≤ in font ptmr7t!
Missing character: There is no ‡ in font ptmr7t!
Missing character: There is no Æ in font ptmr7t!
Missing character: There is no ø in font ptmr7t!
Missing character: There is no ‡ in font ptmr7t!
Missing character: There is no Æ in font ptmr7t!
Missing character: There is no © in font ptmr7t!
Missing character: There is no ‡ in font ptmr7t!
Missing character: There is no Ø in font ptmr7t!
Missing character: There is no ‡ in font ptmr7t!
Missing character: There is no Æ in font ptmr7t!
Missing character: There is no Ø in font ptmr7t!
Missing character: There is no ‡ in font ptmr7t!
Missing character: There is no Ø in font ptmr7t!
Missing character: There is no ç in font ptmr7t!
Missing character: There is no ‡ in font ptmr7t!
Missing character: There is no Æ in font ptmr7t!
Missing character: There is no ö in font ptmr7t!
Missing character: There is no ‡ in font ptmr7t!
Missing character: There is no Ø in font ptmr7t!
Missing character: There is no á in font ptmr7t!
Missing character: There is no ‡ in font ptmr7t!
Missing character: There is no Æ in font ptmr7t!
Missing character: There is no ∞ in font ptmr7t!
Missing character: There is no ‡ in font ptmr7t!
Missing character: There is no Ø in font ptmr7t!
Missing character: There is no ç in font ptmr7t!
Missing character: There is no ‡ in font ptmr7t!
Missing character: There is no Æ in font ptmr7t!
Missing character: There is no µ in font ptmr7t!
Missing character: There is no ‡ in font ptmr7t!
Missing character: There is no Æ in font ptmr7t!
Missing character: There is no § in font ptmr7t!
Missing character: There is no ‡ in font ptmr7t!
Missing character: There is no Æ in font ptmr7t!
Missing character: There is no ± in font ptmr7t!
Missing character: There is no ‡ in font ptmr7t!
Missing character: There is no Ø in font ptmr7t!
Missing character: There is no ç in font ptmr7t!
Missing character: There is no ‡ in font ptmr7t!
Missing character: There is no Æ in font ptmr7t!
Missing character: There is no ï in font ptmr7t!
Missing character: There is no ‡ in font ptmr7t!
Missing character: There is no Ø in font ptmr7t!
Missing character: There is no Å in font ptmr7t!
Missing character: There is no ‡ in font ptmr7t!
Missing character: There is no Æ in font ptmr7t!
Missing character: There is no á in font ptmr7t!
Missing character: There is no ‡ in font ptmr7t!
Missing character: There is no Æ in font ptmr7t!
Missing character: There is no ≤ in font ptmr7t!
Missing character: There is no ‡ in font ptmr7t!
Missing character: There is no Ø in font ptmr7t!
Missing character: There is no ç in font ptmr7t!
Missing character: There is no ‡ in font ptmr7t!
Missing character: There is no Æ in font ptmr7t!
Missing character: There is no á in font ptmr7t!
Missing character: There is no ‡ in font ptmr7t!
Missing character: There is no Æ in font ptmr7t!
Missing character: There is no ≤ in font ptmr7t!
Missing character: There is no ‡ in font ptmr7t!
Missing character: There is no Æ in font ptmr7t!
Missing character: There is no ø in font ptmr7t!
Missing character: There is no ‡ in font ptmr7t!
Missing character: There is no Æ in font ptmr7t!
Missing character: There is no © in font ptmr7t!
Missing character: There is no ‡ in font ptmr7t!
Missing character: There is no Ø in font ptmr7t!
Missing character: There is no ‡ in font ptmr7t!
Missing character: There is no Æ in font ptmr7t!
Missing character: There is no Ø in font ptmr7t!
Missing character: There is no ‡ in font ptmr7t!
Missing character: There is no Ø in font ptmr7t!
Missing character: There is no ç in font ptmr7t!
Missing character: There is no   in font ptmr7t!
Missing character: There is no º in font ptmr7t!

Overfull \hbox (2.33583pt too wide) in paragraph at lines 469--469
[]|\OT1/ptm/m/n/10.95 Romanian| 
 []

Missing character: There is no … in font ptmr7t!
Missing character: There is no ô in font ptmr7t!
Missing character: There is no À in font ptmr7t!
Missing character: There is no à in font ptmr7t!
Missing character: There is no … in font ptmr7t!
Missing character: There is no π in font ptmr7t!
Missing character: There is no … in font ptmr7t!
Missing character: There is no ë in font ptmr7t!
Missing character: There is no À in font ptmr7t!
Missing character: There is no ê in font ptmr7t!
Missing character: There is no À in font ptmr7t!
Missing character: There is no à in font ptmr7t!
Missing character: There is no … in font ptmr7t!
Missing character: There is no   in font ptmr7t!
Missing character: There is no À in font ptmr7t!
Missing character: There is no à in font ptmr7t!
Missing character: There is no … in font ptmr7t!
Missing character: There is no ë in font ptmr7t!
Missing character: There is no À in font ptmr7t!
Missing character: There is no ê in font ptmr7t!
Missing character: There is no … in font ptmr7t!
Missing character: There is no ô in font ptmr7t!
Missing character: There is no ‚ in font ptmr7t!
Missing character: There is no Ä in font ptmr7t!
Missing character: There is no î in font ptmr7t!
Missing character: There is no ƒ in font ptmr7t!
Missing character: There is no É in font ptmr7t!
Missing character: There is no ‚ in font ptmr7t!
Missing character: There is no Ä in font ptmr7t!
Missing character: There is no î in font ptmr7t!
Missing character: There is no ‚ in font ptmr7t!
Missing character: There is no Ä in font ptmr7t!
Missing character: There is no î in font ptmr7t!
Missing character: There is no √ in font ptmr7t!
Missing character: There is no ´ in font ptmr7t!
Missing character: There is no √ in font ptmr7t!
Missing character: There is no ´ in font ptmr7t!
Missing character: There is no √ in font ptmr7t!
Missing character: There is no ´ in font ptmr7t!

Overfull \hbox (5.369pt too wide) in paragraph at lines 473--473
[]|\OT1/ptm/m/n/10.95 Indonesian| 
 []


Underfull \vbox (badness 10000) detected at line 476
 []

[9

] [10]
Underfull \hbox (badness 10000) in paragraph at lines 491--492
\OT1/ptm/m/n/10.95 temporal-crawls, or-tho-graphic, contextual-
 []


Underfull \hbox (badness 3088) in paragraph at lines 491--492
\OT1/ptm/m/n/10.95 Wikipedia, topical-Wikipedia), vary-ing the
 []


Underfull \hbox (badness 2285) in paragraph at lines 493--494
[]\OT1/ptm/m/n/10.95 Phrase pairs ex-tracted from bi-text sup-ple-
 []

<Figures/bntranslate.pdf, id=195, 505.89pt x 505.89pt>
File: Figures/bntranslate.pdf Graphic file (type pdf)

<use Figures/bntranslate.pdf>
Overfull \hbox (11.38322pt too wide) in paragraph at lines 504--505
 [] 
 []


Underfull \vbox (badness 2600) has occurred while \output is active []

 [11

 <./Figures/bntranslate.pdf>] <Figures/tatranslate.pdf, id=287, 505.89pt x 505.
89pt>
File: Figures/tatranslate.pdf Graphic file (type pdf)

<use Figures/tatranslate.pdf>
Overfull \hbox (11.38322pt too wide) in paragraph at lines 517--518
 [] 
 []

(./limt.bbl
Underfull \hbox (badness 1082) in paragraph at lines 4--12
\OT1/ptm/m/n/10 Zens, Chris Dyer, On-drej Bo-jar, Alexan-dra Con-
 []

) [12 <./Figures/tatranslate.pdf>] (./limt.aux) ) 
Here is how much of TeX's memory you used:
 3140 strings out of 493848
 46961 string characters out of 3149207
 131935 words of memory out of 3000000
 6353 multiletter control sequences out of 15000+200000
 27375 words of font info for 63 fonts, out of 3000000 for 9000
 714 hyphenation exceptions out of 8191
 36i,9n,42p,1353b,393s stack positions out of 5000i,500n,10000p,200000b,50000s
{/usr/local/texlive/2009/texmf
-dist/fonts/enc/dvips/base/8r.enc}</usr/local/texlive/2009/texmf-dist/fonts/typ
e1/public/amsfonts/cm/cmmi10.pfb></usr/local/texlive/2009/texmf-dist/fonts/type
1/public/amsfonts/cm/cmmi6.pfb></usr/local/texlive/2009/texmf-dist/fonts/type1/
public/amsfonts/cm/cmmi8.pfb></usr/local/texlive/2009/texmf-dist/fonts/type1/pu
blic/amsfonts/cm/cmmi9.pfb></usr/local/texlive/2009/texmf-dist/fonts/type1/publ
ic/amsfonts/cm/cmr10.pfb></usr/local/texlive/2009/texmf-dist/fonts/type1/public
/amsfonts/cm/cmr9.pfb></usr/local/texlive/2009/texmf-dist/fonts/type1/public/am
sfonts/cm/cmsy10.pfb></usr/local/texlive/2009/texmf-dist/fonts/type1/urw/times/
utmb8a.pfb></usr/local/texlive/2009/texmf-dist/fonts/type1/urw/times/utmr8a.pfb
></usr/local/texlive/2009/texmf-dist/fonts/type1/urw/times/utmri8a.pfb>
Output written on limt.pdf (12 pages, 745156 bytes).
PDF statistics:
 436 PDF objects out of 1000 (max. 8388607)
 0 named destinations out of 1000 (max. 500000)
 106 words of extra memory for PDF output out of 10000 (max. 10000000)

